2025-11-11 18:39:15,535 - __main__ - INFO - Starting count_admins on file: employees.csv
2025-11-11 18:39:15,535 - __main__ - ERROR - CSV file does not exist: employees.csv
2025-11-11 18:39:15,535 - __main__ - ERROR - Error counting admins: name 'sys' is not defined
2025-11-11 18:40:58,162 - __main__ - INFO - Starting count_admins on file: employees.csv
2025-11-11 18:40:58,162 - __main__ - ERROR - CSV file does not exist: employees.csv
2025-11-11 18:47:18,059 - __main__ - INFO - Starting count_admins on file: employees.csv
2025-11-11 18:47:18,059 - __main__ - INFO - File found, starting parsing
2025-11-11 18:47:18,065 - __main__ - INFO - Admin count completed successfully: 3 admins found
2025-11-11 18:49:20,420 - __main__ - INFO - Starting count_admins on file: employees.csv
2025-11-11 18:49:20,421 - __main__ - INFO - File found, starting parsing
2025-11-11 18:49:20,423 - __main__ - INFO - Admin count completed successfully: 3 admins found
2025-11-11 18:49:20,423 - __main__ - INFO - Starting extract_admin_salaries on file: employees.csv
2025-11-11 18:49:20,423 - __main__ - INFO - File found, parsing admin salaries
2025-11-11 18:49:20,423 - __main__ - INFO - Extracted salaries completed successfully: 0 salaries found
2025-11-11 18:49:20,423 - __main__ - INFO - Starting extract_admin_salaries on file: employees.csv
2025-11-11 18:49:20,423 - __main__ - INFO - File found, parsing admin salaries
2025-11-11 18:49:20,424 - __main__ - INFO - Extracted salaries completed successfully: 0 salaries found
2025-11-11 18:49:20,424 - __main__ - INFO - Starting extract_admin_salaries on file: employees.csv
2025-11-11 18:49:20,424 - __main__ - INFO - File found, parsing admin salaries
2025-11-11 18:49:20,425 - __main__ - INFO - Extracted salaries completed successfully: 0 salaries found
2025-11-11 18:56:55,460 - __main__ - INFO - Starting count_admins on file: employees.csv
2025-11-11 18:56:55,460 - __main__ - INFO - File found, starting parsing
2025-11-11 18:56:55,461 - __main__ - INFO - Admin count completed successfully: 3 admins found
2025-11-11 18:56:55,461 - __main__ - INFO - Starting extract_admin_salaries on file: employees.csv
2025-11-11 18:56:55,461 - __main__ - INFO - File found, parsing admin salaries
2025-11-11 18:56:55,462 - __main__ - INFO - Extracted salaries completed successfully: 3 salaries found
2025-11-11 18:56:55,466 - __main__ - INFO - Starting extract_admin_salaries on file: employees.csv
2025-11-11 18:56:55,466 - __main__ - INFO - File found, parsing admin salaries
2025-11-11 18:56:55,466 - __main__ - INFO - Extracted salaries completed successfully: 3 salaries found
2025-11-11 18:56:55,467 - __main__ - INFO - Starting extract_admin_salaries on file: employees.csv
2025-11-11 18:56:55,467 - __main__ - INFO - File found, parsing admin salaries
2025-11-11 18:56:55,467 - __main__ - INFO - Extracted salaries completed successfully: 3 salaries found
2025-11-11 18:56:55,467 - __main__ - INFO - Starting to find employees above 6000
2025-11-11 18:56:55,467 - __main__ - INFO - File found, parsing data
2025-11-11 18:56:55,475 - __main__ - INFO - Search completed successfully: 2 employees above 6000 found
